<?xml version="1.0" encoding="UTF-8"?>
<!-- Generated by org.testng.reporters.JUnitReportReporter -->
<testsuite hostname="Durga-Dell" failures="0" tests="2" name="rahulshettyacademy.tests.ErrorValidations" time="29.554" errors="0" timestamp="2024-05-13T20:14:25 IST" skipped="0">
  <testcase classname="rahulshettyacademy.tests.ErrorValidations" name="LoginErrorValidation" time="12.442"/>
  <testcase classname="rahulshettyacademy.tests.ErrorValidations" name="ProductErrorValidation" time="17.112"/>
</testsuite> <!-- rahulshettyacademy.tests.ErrorValidations -->
