<?xml version="1.0" encoding="UTF-8"?>
<!-- Generated by org.testng.reporters.JUnitReportReporter -->
<testsuite hostname="Durga-Dell" failures="0" tests="1" name="cucumber.TestNGTestRunner" time="14.245" errors="0" timestamp="2024-05-15T07:49:34 IST" skipped="0">
  <testcase classname="cucumber.TestNGTestRunner" name="runScenario" time="14.245"/>
</testsuite> <!-- cucumber.TestNGTestRunner -->
