<?xml version="1.0" encoding="UTF-8"?>
<!-- Generated by org.testng.reporters.JUnitReportReporter -->
<testsuite hostname="Durga-Dell" failures="0" tests="3" name="rahulshettyacademy.tests.SubmitOrderTest" time="63.867" errors="0" timestamp="2024-05-13T20:14:25 IST" skipped="0">
  <testcase classname="rahulshettyacademy.tests.SubmitOrderTest" name="submitOrder" time="24.334"/>
  <testcase classname="rahulshettyacademy.tests.SubmitOrderTest" name="OrderHistoryTest" time="17.090"/>
  <testcase classname="rahulshettyacademy.tests.SubmitOrderTest" name="submitOrder" time="22.443"/>
</testsuite> <!-- rahulshettyacademy.tests.SubmitOrderTest -->
